[0807/114051.032:ERROR:audio_rtp_receiver.cc(89)] AudioRtpReceiver::OnSetVolume: No audio channel exists.
[0807/114051.042:WARNING:used_ids.h(55)] Duplicate id found. Reassigning from 104 to 127
[0807/114051.042:WARNING:used_ids.h(55)] Duplicate id found. Reassigning from 102 to 125
[0807/114051.042:WARNING:used_ids.h(55)] Duplicate id found. Reassigning from 104 to 124
[0807/114051.043:WARNING:used_ids.h(55)] Duplicate id found. Reassigning from 106 to 123
[0807/114051.043:WARNING:used_ids.h(55)] Duplicate id found. Reassigning from 103 to 122
[0807/114051.044:WARNING:used_ids.h(55)] Duplicate id found. Reassigning from 105 to 121
[0807/114051.044:WARNING:used_ids.h(55)] Duplicate id found. Reassigning from 109 to 120
[0807/114051.044:WARNING:used_ids.h(55)] Duplicate id found. Reassigning from 1 to 14
[0807/114051.044:WARNING:used_ids.h(55)] Duplicate id found. Reassigning from 3 to 13
[0807/114051.044:WARNING:used_ids.h(55)] Duplicate id found. Reassigning from 5 to 12
[0807/114051.044:WARNING:used_ids.h(55)] Duplicate id found. Reassigning from 6 to 11
[0807/114115.286:WARNING:used_ids.h(55)] Duplicate id found. Reassigning from 104 to 127
[0807/114115.286:WARNING:used_ids.h(55)] Duplicate id found. Reassigning from 102 to 125
[0807/114115.286:WARNING:used_ids.h(55)] Duplicate id found. Reassigning from 104 to 124
[0807/114115.286:WARNING:used_ids.h(55)] Duplicate id found. Reassigning from 106 to 123
[0807/114115.286:WARNING:used_ids.h(55)] Duplicate id found. Reassigning from 103 to 122
[0807/114115.286:WARNING:used_ids.h(55)] Duplicate id found. Reassigning from 105 to 121
[0807/114115.288:WARNING:used_ids.h(55)] Duplicate id found. Reassigning from 109 to 120
[0807/114115.289:WARNING:used_ids.h(55)] Duplicate id found. Reassigning from 1 to 14
[0807/114115.289:WARNING:used_ids.h(55)] Duplicate id found. Reassigning from 3 to 13
[0807/114115.289:WARNING:used_ids.h(55)] Duplicate id found. Reassigning from 5 to 12
[0807/114115.289:WARNING:used_ids.h(55)] Duplicate id found. Reassigning from 6 to 11
[0807/114115.289:ERROR:audio_rtp_receiver.cc(89)] AudioRtpReceiver::OnSetVolume: No audio channel exists.
[0807/114126.235:ERROR:batching_media_log.cc(38)] MediaEvent: {"error":"FFmpegDemuxer: no supported streams"}
[0807/114126.249:ERROR:batching_media_log.cc(35)] MediaEvent: {"pipeline_error":14}
[0807/114126.257:WARNING:spdy_session.cc(3365)] Received HEADERS for invalid stream 137
[0807/114126.684:ERROR:batching_media_log.cc(38)] MediaEvent: {"error":"FFmpegDemuxer: no supported streams"}
[0807/114126.684:ERROR:batching_media_log.cc(35)] MediaEvent: {"pipeline_error":14}
